<?xml version="1.0" encoding="UTF-8"?>
<testsuite xmlns:xsi="http://www.w3.org/2001/XMLSchema-instance" xsi:noNamespaceSchemaLocation="https://maven.apache.org/surefire/maven-surefire-plugin/xsd/surefire-test-report.xsd" name="com.lw.vcs.utils.PathSolveUtilTest" time="0.133" tests="3" errors="0" skipped="0" failures="0">
  <properties>
    <property name="sun.desktop" value="windows"/>
    <property name="awt.toolkit" value="sun.awt.windows.WToolkit"/>
    <property name="file.encoding.pkg" value="sun.io"/>
    <property name="java.specification.version" value="1.8"/>
    <property name="sun.cpu.isalist" value="amd64"/>
    <property name="sun.jnu.encoding" value="GBK"/>
    <property name="java.class.path" value="E:\IntellijWorkPlace\vcs\target\test-classes;E:\IntellijWorkPlace\vcs\target\classes;E:\apache-maven-3.3.9\repo\org\springframework\boot\spring-boot-starter-data-redis\2.0.2.RELEASE\spring-boot-starter-data-redis-2.0.2.RELEASE.jar;E:\apache-maven-3.3.9\repo\org\springframework\boot\spring-boot-starter\2.0.2.RELEASE\spring-boot-starter-2.0.2.RELEASE.jar;E:\apache-maven-3.3.9\repo\org\springframework\boot\spring-boot\2.0.2.RELEASE\spring-boot-2.0.2.RELEASE.jar;E:\apache-maven-3.3.9\repo\org\springframework\boot\spring-boot-autoconfigure\2.0.2.RELEASE\spring-boot-autoconfigure-2.0.2.RELEASE.jar;E:\apache-maven-3.3.9\repo\org\springframework\boot\spring-boot-starter-logging\2.0.2.RELEASE\spring-boot-starter-logging-2.0.2.RELEASE.jar;E:\apache-maven-3.3.9\repo\ch\qos\logback\logback-classic\1.2.3\logback-classic-1.2.3.jar;E:\apache-maven-3.3.9\repo\ch\qos\logback\logback-core\1.2.3\logback-core-1.2.3.jar;E:\apache-maven-3.3.9\repo\org\apache\logging\log4j\log4j-to-slf4j\2.10.0\log4j-to-slf4j-2.10.0.jar;E:\apache-maven-3.3.9\repo\org\apache\logging\log4j\log4j-api\2.10.0\log4j-api-2.10.0.jar;E:\apache-maven-3.3.9\repo\org\slf4j\jul-to-slf4j\1.7.25\jul-to-slf4j-1.7.25.jar;E:\apache-maven-3.3.9\repo\org\yaml\snakeyaml\1.19\snakeyaml-1.19.jar;E:\apache-maven-3.3.9\repo\org\springframework\data\spring-data-redis\2.0.7.RELEASE\spring-data-redis-2.0.7.RELEASE.jar;E:\apache-maven-3.3.9\repo\org\springframework\data\spring-data-keyvalue\2.0.7.RELEASE\spring-data-keyvalue-2.0.7.RELEASE.jar;E:\apache-maven-3.3.9\repo\org\springframework\data\spring-data-commons\2.0.7.RELEASE\spring-data-commons-2.0.7.RELEASE.jar;E:\apache-maven-3.3.9\repo\org\springframework\spring-tx\5.0.6.RELEASE\spring-tx-5.0.6.RELEASE.jar;E:\apache-maven-3.3.9\repo\org\springframework\spring-oxm\5.0.6.RELEASE\spring-oxm-5.0.6.RELEASE.jar;E:\apache-maven-3.3.9\repo\org\springframework\spring-context-support\5.0.6.RELEASE\spring-context-support-5.0.6.RELEASE.jar;E:\apache-maven-3.3.9\repo\io\lettuce\lettuce-core\5.0.4.RELEASE\lettuce-core-5.0.4.RELEASE.jar;E:\apache-maven-3.3.9\repo\io\projectreactor\reactor-core\3.1.7.RELEASE\reactor-core-3.1.7.RELEASE.jar;E:\apache-maven-3.3.9\repo\org\reactivestreams\reactive-streams\1.0.2\reactive-streams-1.0.2.jar;E:\apache-maven-3.3.9\repo\io\netty\netty-common\4.1.24.Final\netty-common-4.1.24.Final.jar;E:\apache-maven-3.3.9\repo\io\netty\netty-transport\4.1.24.Final\netty-transport-4.1.24.Final.jar;E:\apache-maven-3.3.9\repo\io\netty\netty-buffer\4.1.24.Final\netty-buffer-4.1.24.Final.jar;E:\apache-maven-3.3.9\repo\io\netty\netty-resolver\4.1.24.Final\netty-resolver-4.1.24.Final.jar;E:\apache-maven-3.3.9\repo\io\netty\netty-handler\4.1.24.Final\netty-handler-4.1.24.Final.jar;E:\apache-maven-3.3.9\repo\io\netty\netty-codec\4.1.24.Final\netty-codec-4.1.24.Final.jar;E:\apache-maven-3.3.9\repo\org\springframework\boot\spring-boot-starter-web\2.0.2.RELEASE\spring-boot-starter-web-2.0.2.RELEASE.jar;E:\apache-maven-3.3.9\repo\org\springframework\boot\spring-boot-starter-json\2.0.2.RELEASE\spring-boot-starter-json-2.0.2.RELEASE.jar;E:\apache-maven-3.3.9\repo\com\fasterxml\jackson\core\jackson-databind\2.9.5\jackson-databind-2.9.5.jar;E:\apache-maven-3.3.9\repo\com\fasterxml\jackson\core\jackson-core\2.9.5\jackson-core-2.9.5.jar;E:\apache-maven-3.3.9\repo\com\fasterxml\jackson\datatype\jackson-datatype-jdk8\2.9.5\jackson-datatype-jdk8-2.9.5.jar;E:\apache-maven-3.3.9\repo\com\fasterxml\jackson\datatype\jackson-datatype-jsr310\2.9.5\jackson-datatype-jsr310-2.9.5.jar;E:\apache-maven-3.3.9\repo\com\fasterxml\jackson\module\jackson-module-parameter-names\2.9.5\jackson-module-parameter-names-2.9.5.jar;E:\apache-maven-3.3.9\repo\org\hibernate\validator\hibernate-validator\6.0.9.Final\hibernate-validator-6.0.9.Final.jar;E:\apache-maven-3.3.9\repo\javax\validation\validation-api\2.0.1.Final\validation-api-2.0.1.Final.jar;E:\apache-maven-3.3.9\repo\org\jboss\logging\jboss-logging\3.3.2.Final\jboss-logging-3.3.2.Final.jar;E:\apache-maven-3.3.9\repo\org\springframework\spring-web\5.0.6.RELEASE\spring-web-5.0.6.RELEASE.jar;E:\apache-maven-3.3.9\repo\org\springframework\spring-beans\5.0.6.RELEASE\spring-beans-5.0.6.RELEASE.jar;E:\apache-maven-3.3.9\repo\org\springframework\spring-webmvc\5.0.6.RELEASE\spring-webmvc-5.0.6.RELEASE.jar;E:\apache-maven-3.3.9\repo\org\springframework\spring-context\5.0.6.RELEASE\spring-context-5.0.6.RELEASE.jar;E:\apache-maven-3.3.9\repo\org\springframework\spring-expression\5.0.6.RELEASE\spring-expression-5.0.6.RELEASE.jar;E:\apache-maven-3.3.9\repo\org\springframework\boot\spring-boot-starter-websocket\2.0.2.RELEASE\spring-boot-starter-websocket-2.0.2.RELEASE.jar;E:\apache-maven-3.3.9\repo\org\springframework\spring-messaging\5.0.6.RELEASE\spring-messaging-5.0.6.RELEASE.jar;E:\apache-maven-3.3.9\repo\org\springframework\spring-websocket\5.0.6.RELEASE\spring-websocket-5.0.6.RELEASE.jar;E:\apache-maven-3.3.9\repo\com\alibaba\fastjson\1.2.47\fastjson-1.2.47.jar;E:\apache-maven-3.3.9\repo\org\mybatis\spring\boot\mybatis-spring-boot-starter\1.3.2\mybatis-spring-boot-starter-1.3.2.jar;E:\apache-maven-3.3.9\repo\org\springframework\boot\spring-boot-starter-jdbc\2.0.2.RELEASE\spring-boot-starter-jdbc-2.0.2.RELEASE.jar;E:\apache-maven-3.3.9\repo\com\zaxxer\HikariCP\2.7.9\HikariCP-2.7.9.jar;E:\apache-maven-3.3.9\repo\org\springframework\spring-jdbc\5.0.6.RELEASE\spring-jdbc-5.0.6.RELEASE.jar;E:\apache-maven-3.3.9\repo\org\mybatis\spring\boot\mybatis-spring-boot-autoconfigure\1.3.2\mybatis-spring-boot-autoconfigure-1.3.2.jar;E:\apache-maven-3.3.9\repo\org\mybatis\mybatis\3.4.6\mybatis-3.4.6.jar;E:\apache-maven-3.3.9\repo\org\mybatis\mybatis-spring\1.3.2\mybatis-spring-1.3.2.jar;E:\apache-maven-3.3.9\repo\org\springframework\boot\spring-boot-starter-test\2.0.2.RELEASE\spring-boot-starter-test-2.0.2.RELEASE.jar;E:\apache-maven-3.3.9\repo\org\springframework\boot\spring-boot-test\2.0.2.RELEASE\spring-boot-test-2.0.2.RELEASE.jar;E:\apache-maven-3.3.9\repo\org\springframework\boot\spring-boot-test-autoconfigure\2.0.2.RELEASE\spring-boot-test-autoconfigure-2.0.2.RELEASE.jar;E:\apache-maven-3.3.9\repo\com\jayway\jsonpath\json-path\2.4.0\json-path-2.4.0.jar;E:\apache-maven-3.3.9\repo\net\minidev\json-smart\2.3\json-smart-2.3.jar;E:\apache-maven-3.3.9\repo\net\minidev\accessors-smart\1.2\accessors-smart-1.2.jar;E:\apache-maven-3.3.9\repo\org\ow2\asm\asm\5.0.4\asm-5.0.4.jar;E:\apache-maven-3.3.9\repo\junit\junit\4.12\junit-4.12.jar;E:\apache-maven-3.3.9\repo\org\assertj\assertj-core\3.9.1\assertj-core-3.9.1.jar;E:\apache-maven-3.3.9\repo\org\mockito\mockito-core\2.15.0\mockito-core-2.15.0.jar;E:\apache-maven-3.3.9\repo\net\bytebuddy\byte-buddy\1.7.11\byte-buddy-1.7.11.jar;E:\apache-maven-3.3.9\repo\net\bytebuddy\byte-buddy-agent\1.7.11\byte-buddy-agent-1.7.11.jar;E:\apache-maven-3.3.9\repo\org\objenesis\objenesis\2.6\objenesis-2.6.jar;E:\apache-maven-3.3.9\repo\org\hamcrest\hamcrest-core\1.3\hamcrest-core-1.3.jar;E:\apache-maven-3.3.9\repo\org\hamcrest\hamcrest-library\1.3\hamcrest-library-1.3.jar;E:\apache-maven-3.3.9\repo\org\skyscreamer\jsonassert\1.5.0\jsonassert-1.5.0.jar;E:\apache-maven-3.3.9\repo\com\vaadin\external\google\android-json\0.0.20131108.vaadin1\android-json-0.0.20131108.vaadin1.jar;E:\apache-maven-3.3.9\repo\org\springframework\spring-core\5.0.6.RELEASE\spring-core-5.0.6.RELEASE.jar;E:\apache-maven-3.3.9\repo\org\springframework\spring-jcl\5.0.6.RELEASE\spring-jcl-5.0.6.RELEASE.jar;E:\apache-maven-3.3.9\repo\org\springframework\spring-test\5.0.6.RELEASE\spring-test-5.0.6.RELEASE.jar;E:\apache-maven-3.3.9\repo\org\xmlunit\xmlunit-core\2.5.1\xmlunit-core-2.5.1.jar;E:\apache-maven-3.3.9\repo\com\belerweb\pinyin4j\2.5.1\pinyin4j-2.5.1.jar;E:\apache-maven-3.3.9\repo\io\springfox\springfox-swagger2\2.9.2\springfox-swagger2-2.9.2.jar;E:\apache-maven-3.3.9\repo\io\swagger\swagger-annotations\1.5.20\swagger-annotations-1.5.20.jar;E:\apache-maven-3.3.9\repo\io\swagger\swagger-models\1.5.20\swagger-models-1.5.20.jar;E:\apache-maven-3.3.9\repo\com\fasterxml\jackson\core\jackson-annotations\2.9.0\jackson-annotations-2.9.0.jar;E:\apache-maven-3.3.9\repo\io\springfox\springfox-spi\2.9.2\springfox-spi-2.9.2.jar;E:\apache-maven-3.3.9\repo\io\springfox\springfox-core\2.9.2\springfox-core-2.9.2.jar;E:\apache-maven-3.3.9\repo\io\springfox\springfox-schema\2.9.2\springfox-schema-2.9.2.jar;E:\apache-maven-3.3.9\repo\io\springfox\springfox-swagger-common\2.9.2\springfox-swagger-common-2.9.2.jar;E:\apache-maven-3.3.9\repo\io\springfox\springfox-spring-web\2.9.2\springfox-spring-web-2.9.2.jar;E:\apache-maven-3.3.9\repo\com\google\guava\guava\20.0\guava-20.0.jar;E:\apache-maven-3.3.9\repo\com\fasterxml\classmate\1.3.4\classmate-1.3.4.jar;E:\apache-maven-3.3.9\repo\org\slf4j\slf4j-api\1.7.25\slf4j-api-1.7.25.jar;E:\apache-maven-3.3.9\repo\org\springframework\plugin\spring-plugin-core\1.2.0.RELEASE\spring-plugin-core-1.2.0.RELEASE.jar;E:\apache-maven-3.3.9\repo\org\springframework\plugin\spring-plugin-metadata\1.2.0.RELEASE\spring-plugin-metadata-1.2.0.RELEASE.jar;E:\apache-maven-3.3.9\repo\org\mapstruct\mapstruct\1.2.0.Final\mapstruct-1.2.0.Final.jar;E:\apache-maven-3.3.9\repo\io\springfox\springfox-swagger-ui\2.9.2\springfox-swagger-ui-2.9.2.jar;E:\apache-maven-3.3.9\repo\mysql\mysql-connector-java\5.1.46\mysql-connector-java-5.1.46.jar;E:\apache-maven-3.3.9\repo\org\apache\commons\commons-lang3\3.6\commons-lang3-3.6.jar;E:\apache-maven-3.3.9\repo\org\tmatesoft\svnkit\svnkit\1.9.3\svnkit-1.9.3.jar;E:\apache-maven-3.3.9\repo\de\regnis\q\sequence\sequence-library\1.0.3\sequence-library-1.0.3.jar;E:\apache-maven-3.3.9\repo\org\tmatesoft\sqljet\sqljet\1.1.11\sqljet-1.1.11.jar;E:\apache-maven-3.3.9\repo\org\antlr\antlr-runtime\3.4\antlr-runtime-3.4.jar;E:\apache-maven-3.3.9\repo\net\java\dev\jna\jna\4.5.1\jna-4.5.1.jar;E:\apache-maven-3.3.9\repo\net\java\dev\jna\jna-platform\4.5.1\jna-platform-4.5.1.jar;E:\apache-maven-3.3.9\repo\com\trilead\trilead-ssh2\1.0.0-build221\trilead-ssh2-1.0.0-build221.jar;E:\apache-maven-3.3.9\repo\com\jcraft\jsch.agentproxy.connector-factory\0.0.7\jsch.agentproxy.connector-factory-0.0.7.jar;E:\apache-maven-3.3.9\repo\com\jcraft\jsch.agentproxy.core\0.0.7\jsch.agentproxy.core-0.0.7.jar;E:\apache-maven-3.3.9\repo\com\jcraft\jsch.agentproxy.usocket-jna\0.0.7\jsch.agentproxy.usocket-jna-0.0.7.jar;E:\apache-maven-3.3.9\repo\net\java\dev\jna\platform\3.4.0\platform-3.4.0.jar;E:\apache-maven-3.3.9\repo\com\jcraft\jsch.agentproxy.usocket-nc\0.0.7\jsch.agentproxy.usocket-nc-0.0.7.jar;E:\apache-maven-3.3.9\repo\com\jcraft\jsch.agentproxy.sshagent\0.0.7\jsch.agentproxy.sshagent-0.0.7.jar;E:\apache-maven-3.3.9\repo\com\jcraft\jsch.agentproxy.pageant\0.0.7\jsch.agentproxy.pageant-0.0.7.jar;E:\apache-maven-3.3.9\repo\com\jcraft\jsch.agentproxy.svnkit-trilead-ssh2\0.0.7\jsch.agentproxy.svnkit-trilead-ssh2-0.0.7.jar;E:\apache-maven-3.3.9\repo\org\apache\commons\commons-compress\1.18\commons-compress-1.18.jar;E:\apache-maven-3.3.9\repo\com\alibaba\druid\1.0.5\druid-1.0.5.jar;E:\apache-maven-3.3.9\repo\redis\clients\jedis\2.9.0\jedis-2.9.0.jar;E:\apache-maven-3.3.9\repo\org\apache\commons\commons-pool2\2.5.0\commons-pool2-2.5.0.jar;E:\apache-maven-3.3.9\repo\commons-codec\commons-codec\1.11\commons-codec-1.11.jar;E:\apache-maven-3.3.9\repo\org\springframework\boot\spring-boot-starter-validation\2.0.2.RELEASE\spring-boot-starter-validation-2.0.2.RELEASE.jar;E:\apache-maven-3.3.9\repo\org\apache\tomcat\embed\tomcat-embed-el\8.5.31\tomcat-embed-el-8.5.31.jar;E:\apache-maven-3.3.9\repo\org\springframework\boot\spring-boot-starter-aop\2.0.2.RELEASE\spring-boot-starter-aop-2.0.2.RELEASE.jar;E:\apache-maven-3.3.9\repo\org\springframework\spring-aop\5.0.6.RELEASE\spring-aop-5.0.6.RELEASE.jar;E:\apache-maven-3.3.9\repo\org\aspectj\aspectjweaver\1.8.13\aspectjweaver-1.8.13.jar;E:\apache-maven-3.3.9\repo\nl\bitwalker\UserAgentUtils\1.2.4\UserAgentUtils-1.2.4.jar;E:\apache-maven-3.3.9\repo\org\springframework\boot\spring-boot-starter-tomcat\2.0.2.RELEASE\spring-boot-starter-tomcat-2.0.2.RELEASE.jar;E:\apache-maven-3.3.9\repo\javax\annotation\javax.annotation-api\1.3.2\javax.annotation-api-1.3.2.jar;E:\apache-maven-3.3.9\repo\org\apache\tomcat\embed\tomcat-embed-core\8.5.31\tomcat-embed-core-8.5.31.jar;E:\apache-maven-3.3.9\repo\org\apache\tomcat\embed\tomcat-embed-websocket\8.5.31\tomcat-embed-websocket-8.5.31.jar;"/>
    <property name="java.vm.vendor" value="Oracle Corporation"/>
    <property name="sun.arch.data.model" value="64"/>
    <property name="user.variant" value=""/>
    <property name="java.vendor.url" value="http://java.oracle.com/"/>
    <property name="user.timezone" value=""/>
    <property name="java.vm.specification.version" value="1.8"/>
    <property name="os.name" value="Windows 10"/>
    <property name="user.country" value="CN"/>
    <property name="sun.java.launcher" value="SUN_STANDARD"/>
    <property name="sun.boot.library.path" value="C:\Program Files\Java\jdk1.8.0_171\jre\bin"/>
    <property name="sun.java.command" value="C:\Users\fjyqlw\AppData\Local\Temp\surefire2103113522214564706\surefirebooter7508052708625274538.jar C:\Users\fjyqlw\AppData\Local\Temp\surefire2103113522214564706 2018-09-30T14-51-59_931-jvmRun1 surefire8056985868557179320tmp surefire_0947577018156692700tmp"/>
    <property name="surefire.test.class.path" value="E:\IntellijWorkPlace\vcs\target\test-classes;E:\IntellijWorkPlace\vcs\target\classes;E:\apache-maven-3.3.9\repo\org\springframework\boot\spring-boot-starter-data-redis\2.0.2.RELEASE\spring-boot-starter-data-redis-2.0.2.RELEASE.jar;E:\apache-maven-3.3.9\repo\org\springframework\boot\spring-boot-starter\2.0.2.RELEASE\spring-boot-starter-2.0.2.RELEASE.jar;E:\apache-maven-3.3.9\repo\org\springframework\boot\spring-boot\2.0.2.RELEASE\spring-boot-2.0.2.RELEASE.jar;E:\apache-maven-3.3.9\repo\org\springframework\boot\spring-boot-autoconfigure\2.0.2.RELEASE\spring-boot-autoconfigure-2.0.2.RELEASE.jar;E:\apache-maven-3.3.9\repo\org\springframework\boot\spring-boot-starter-logging\2.0.2.RELEASE\spring-boot-starter-logging-2.0.2.RELEASE.jar;E:\apache-maven-3.3.9\repo\ch\qos\logback\logback-classic\1.2.3\logback-classic-1.2.3.jar;E:\apache-maven-3.3.9\repo\ch\qos\logback\logback-core\1.2.3\logback-core-1.2.3.jar;E:\apache-maven-3.3.9\repo\org\apache\logging\log4j\log4j-to-slf4j\2.10.0\log4j-to-slf4j-2.10.0.jar;E:\apache-maven-3.3.9\repo\org\apache\logging\log4j\log4j-api\2.10.0\log4j-api-2.10.0.jar;E:\apache-maven-3.3.9\repo\org\slf4j\jul-to-slf4j\1.7.25\jul-to-slf4j-1.7.25.jar;E:\apache-maven-3.3.9\repo\org\yaml\snakeyaml\1.19\snakeyaml-1.19.jar;E:\apache-maven-3.3.9\repo\org\springframework\data\spring-data-redis\2.0.7.RELEASE\spring-data-redis-2.0.7.RELEASE.jar;E:\apache-maven-3.3.9\repo\org\springframework\data\spring-data-keyvalue\2.0.7.RELEASE\spring-data-keyvalue-2.0.7.RELEASE.jar;E:\apache-maven-3.3.9\repo\org\springframework\data\spring-data-commons\2.0.7.RELEASE\spring-data-commons-2.0.7.RELEASE.jar;E:\apache-maven-3.3.9\repo\org\springframework\spring-tx\5.0.6.RELEASE\spring-tx-5.0.6.RELEASE.jar;E:\apache-maven-3.3.9\repo\org\springframework\spring-oxm\5.0.6.RELEASE\spring-oxm-5.0.6.RELEASE.jar;E:\apache-maven-3.3.9\repo\org\springframework\spring-context-support\5.0.6.RELEASE\spring-context-support-5.0.6.RELEASE.jar;E:\apache-maven-3.3.9\repo\io\lettuce\lettuce-core\5.0.4.RELEASE\lettuce-core-5.0.4.RELEASE.jar;E:\apache-maven-3.3.9\repo\io\projectreactor\reactor-core\3.1.7.RELEASE\reactor-core-3.1.7.RELEASE.jar;E:\apache-maven-3.3.9\repo\org\reactivestreams\reactive-streams\1.0.2\reactive-streams-1.0.2.jar;E:\apache-maven-3.3.9\repo\io\netty\netty-common\4.1.24.Final\netty-common-4.1.24.Final.jar;E:\apache-maven-3.3.9\repo\io\netty\netty-transport\4.1.24.Final\netty-transport-4.1.24.Final.jar;E:\apache-maven-3.3.9\repo\io\netty\netty-buffer\4.1.24.Final\netty-buffer-4.1.24.Final.jar;E:\apache-maven-3.3.9\repo\io\netty\netty-resolver\4.1.24.Final\netty-resolver-4.1.24.Final.jar;E:\apache-maven-3.3.9\repo\io\netty\netty-handler\4.1.24.Final\netty-handler-4.1.24.Final.jar;E:\apache-maven-3.3.9\repo\io\netty\netty-codec\4.1.24.Final\netty-codec-4.1.24.Final.jar;E:\apache-maven-3.3.9\repo\org\springframework\boot\spring-boot-starter-web\2.0.2.RELEASE\spring-boot-starter-web-2.0.2.RELEASE.jar;E:\apache-maven-3.3.9\repo\org\springframework\boot\spring-boot-starter-json\2.0.2.RELEASE\spring-boot-starter-json-2.0.2.RELEASE.jar;E:\apache-maven-3.3.9\repo\com\fasterxml\jackson\core\jackson-databind\2.9.5\jackson-databind-2.9.5.jar;E:\apache-maven-3.3.9\repo\com\fasterxml\jackson\core\jackson-core\2.9.5\jackson-core-2.9.5.jar;E:\apache-maven-3.3.9\repo\com\fasterxml\jackson\datatype\jackson-datatype-jdk8\2.9.5\jackson-datatype-jdk8-2.9.5.jar;E:\apache-maven-3.3.9\repo\com\fasterxml\jackson\datatype\jackson-datatype-jsr310\2.9.5\jackson-datatype-jsr310-2.9.5.jar;E:\apache-maven-3.3.9\repo\com\fasterxml\jackson\module\jackson-module-parameter-names\2.9.5\jackson-module-parameter-names-2.9.5.jar;E:\apache-maven-3.3.9\repo\org\hibernate\validator\hibernate-validator\6.0.9.Final\hibernate-validator-6.0.9.Final.jar;E:\apache-maven-3.3.9\repo\javax\validation\validation-api\2.0.1.Final\validation-api-2.0.1.Final.jar;E:\apache-maven-3.3.9\repo\org\jboss\logging\jboss-logging\3.3.2.Final\jboss-logging-3.3.2.Final.jar;E:\apache-maven-3.3.9\repo\org\springframework\spring-web\5.0.6.RELEASE\spring-web-5.0.6.RELEASE.jar;E:\apache-maven-3.3.9\repo\org\springframework\spring-beans\5.0.6.RELEASE\spring-beans-5.0.6.RELEASE.jar;E:\apache-maven-3.3.9\repo\org\springframework\spring-webmvc\5.0.6.RELEASE\spring-webmvc-5.0.6.RELEASE.jar;E:\apache-maven-3.3.9\repo\org\springframework\spring-context\5.0.6.RELEASE\spring-context-5.0.6.RELEASE.jar;E:\apache-maven-3.3.9\repo\org\springframework\spring-expression\5.0.6.RELEASE\spring-expression-5.0.6.RELEASE.jar;E:\apache-maven-3.3.9\repo\org\springframework\boot\spring-boot-starter-websocket\2.0.2.RELEASE\spring-boot-starter-websocket-2.0.2.RELEASE.jar;E:\apache-maven-3.3.9\repo\org\springframework\spring-messaging\5.0.6.RELEASE\spring-messaging-5.0.6.RELEASE.jar;E:\apache-maven-3.3.9\repo\org\springframework\spring-websocket\5.0.6.RELEASE\spring-websocket-5.0.6.RELEASE.jar;E:\apache-maven-3.3.9\repo\com\alibaba\fastjson\1.2.47\fastjson-1.2.47.jar;E:\apache-maven-3.3.9\repo\org\mybatis\spring\boot\mybatis-spring-boot-starter\1.3.2\mybatis-spring-boot-starter-1.3.2.jar;E:\apache-maven-3.3.9\repo\org\springframework\boot\spring-boot-starter-jdbc\2.0.2.RELEASE\spring-boot-starter-jdbc-2.0.2.RELEASE.jar;E:\apache-maven-3.3.9\repo\com\zaxxer\HikariCP\2.7.9\HikariCP-2.7.9.jar;E:\apache-maven-3.3.9\repo\org\springframework\spring-jdbc\5.0.6.RELEASE\spring-jdbc-5.0.6.RELEASE.jar;E:\apache-maven-3.3.9\repo\org\mybatis\spring\boot\mybatis-spring-boot-autoconfigure\1.3.2\mybatis-spring-boot-autoconfigure-1.3.2.jar;E:\apache-maven-3.3.9\repo\org\mybatis\mybatis\3.4.6\mybatis-3.4.6.jar;E:\apache-maven-3.3.9\repo\org\mybatis\mybatis-spring\1.3.2\mybatis-spring-1.3.2.jar;E:\apache-maven-3.3.9\repo\org\springframework\boot\spring-boot-starter-test\2.0.2.RELEASE\spring-boot-starter-test-2.0.2.RELEASE.jar;E:\apache-maven-3.3.9\repo\org\springframework\boot\spring-boot-test\2.0.2.RELEASE\spring-boot-test-2.0.2.RELEASE.jar;E:\apache-maven-3.3.9\repo\org\springframework\boot\spring-boot-test-autoconfigure\2.0.2.RELEASE\spring-boot-test-autoconfigure-2.0.2.RELEASE.jar;E:\apache-maven-3.3.9\repo\com\jayway\jsonpath\json-path\2.4.0\json-path-2.4.0.jar;E:\apache-maven-3.3.9\repo\net\minidev\json-smart\2.3\json-smart-2.3.jar;E:\apache-maven-3.3.9\repo\net\minidev\accessors-smart\1.2\accessors-smart-1.2.jar;E:\apache-maven-3.3.9\repo\org\ow2\asm\asm\5.0.4\asm-5.0.4.jar;E:\apache-maven-3.3.9\repo\junit\junit\4.12\junit-4.12.jar;E:\apache-maven-3.3.9\repo\org\assertj\assertj-core\3.9.1\assertj-core-3.9.1.jar;E:\apache-maven-3.3.9\repo\org\mockito\mockito-core\2.15.0\mockito-core-2.15.0.jar;E:\apache-maven-3.3.9\repo\net\bytebuddy\byte-buddy\1.7.11\byte-buddy-1.7.11.jar;E:\apache-maven-3.3.9\repo\net\bytebuddy\byte-buddy-agent\1.7.11\byte-buddy-agent-1.7.11.jar;E:\apache-maven-3.3.9\repo\org\objenesis\objenesis\2.6\objenesis-2.6.jar;E:\apache-maven-3.3.9\repo\org\hamcrest\hamcrest-core\1.3\hamcrest-core-1.3.jar;E:\apache-maven-3.3.9\repo\org\hamcrest\hamcrest-library\1.3\hamcrest-library-1.3.jar;E:\apache-maven-3.3.9\repo\org\skyscreamer\jsonassert\1.5.0\jsonassert-1.5.0.jar;E:\apache-maven-3.3.9\repo\com\vaadin\external\google\android-json\0.0.20131108.vaadin1\android-json-0.0.20131108.vaadin1.jar;E:\apache-maven-3.3.9\repo\org\springframework\spring-core\5.0.6.RELEASE\spring-core-5.0.6.RELEASE.jar;E:\apache-maven-3.3.9\repo\org\springframework\spring-jcl\5.0.6.RELEASE\spring-jcl-5.0.6.RELEASE.jar;E:\apache-maven-3.3.9\repo\org\springframework\spring-test\5.0.6.RELEASE\spring-test-5.0.6.RELEASE.jar;E:\apache-maven-3.3.9\repo\org\xmlunit\xmlunit-core\2.5.1\xmlunit-core-2.5.1.jar;E:\apache-maven-3.3.9\repo\com\belerweb\pinyin4j\2.5.1\pinyin4j-2.5.1.jar;E:\apache-maven-3.3.9\repo\io\springfox\springfox-swagger2\2.9.2\springfox-swagger2-2.9.2.jar;E:\apache-maven-3.3.9\repo\io\swagger\swagger-annotations\1.5.20\swagger-annotations-1.5.20.jar;E:\apache-maven-3.3.9\repo\io\swagger\swagger-models\1.5.20\swagger-models-1.5.20.jar;E:\apache-maven-3.3.9\repo\com\fasterxml\jackson\core\jackson-annotations\2.9.0\jackson-annotations-2.9.0.jar;E:\apache-maven-3.3.9\repo\io\springfox\springfox-spi\2.9.2\springfox-spi-2.9.2.jar;E:\apache-maven-3.3.9\repo\io\springfox\springfox-core\2.9.2\springfox-core-2.9.2.jar;E:\apache-maven-3.3.9\repo\io\springfox\springfox-schema\2.9.2\springfox-schema-2.9.2.jar;E:\apache-maven-3.3.9\repo\io\springfox\springfox-swagger-common\2.9.2\springfox-swagger-common-2.9.2.jar;E:\apache-maven-3.3.9\repo\io\springfox\springfox-spring-web\2.9.2\springfox-spring-web-2.9.2.jar;E:\apache-maven-3.3.9\repo\com\google\guava\guava\20.0\guava-20.0.jar;E:\apache-maven-3.3.9\repo\com\fasterxml\classmate\1.3.4\classmate-1.3.4.jar;E:\apache-maven-3.3.9\repo\org\slf4j\slf4j-api\1.7.25\slf4j-api-1.7.25.jar;E:\apache-maven-3.3.9\repo\org\springframework\plugin\spring-plugin-core\1.2.0.RELEASE\spring-plugin-core-1.2.0.RELEASE.jar;E:\apache-maven-3.3.9\repo\org\springframework\plugin\spring-plugin-metadata\1.2.0.RELEASE\spring-plugin-metadata-1.2.0.RELEASE.jar;E:\apache-maven-3.3.9\repo\org\mapstruct\mapstruct\1.2.0.Final\mapstruct-1.2.0.Final.jar;E:\apache-maven-3.3.9\repo\io\springfox\springfox-swagger-ui\2.9.2\springfox-swagger-ui-2.9.2.jar;E:\apache-maven-3.3.9\repo\mysql\mysql-connector-java\5.1.46\mysql-connector-java-5.1.46.jar;E:\apache-maven-3.3.9\repo\org\apache\commons\commons-lang3\3.6\commons-lang3-3.6.jar;E:\apache-maven-3.3.9\repo\org\tmatesoft\svnkit\svnkit\1.9.3\svnkit-1.9.3.jar;E:\apache-maven-3.3.9\repo\de\regnis\q\sequence\sequence-library\1.0.3\sequence-library-1.0.3.jar;E:\apache-maven-3.3.9\repo\org\tmatesoft\sqljet\sqljet\1.1.11\sqljet-1.1.11.jar;E:\apache-maven-3.3.9\repo\org\antlr\antlr-runtime\3.4\antlr-runtime-3.4.jar;E:\apache-maven-3.3.9\repo\net\java\dev\jna\jna\4.5.1\jna-4.5.1.jar;E:\apache-maven-3.3.9\repo\net\java\dev\jna\jna-platform\4.5.1\jna-platform-4.5.1.jar;E:\apache-maven-3.3.9\repo\com\trilead\trilead-ssh2\1.0.0-build221\trilead-ssh2-1.0.0-build221.jar;E:\apache-maven-3.3.9\repo\com\jcraft\jsch.agentproxy.connector-factory\0.0.7\jsch.agentproxy.connector-factory-0.0.7.jar;E:\apache-maven-3.3.9\repo\com\jcraft\jsch.agentproxy.core\0.0.7\jsch.agentproxy.core-0.0.7.jar;E:\apache-maven-3.3.9\repo\com\jcraft\jsch.agentproxy.usocket-jna\0.0.7\jsch.agentproxy.usocket-jna-0.0.7.jar;E:\apache-maven-3.3.9\repo\net\java\dev\jna\platform\3.4.0\platform-3.4.0.jar;E:\apache-maven-3.3.9\repo\com\jcraft\jsch.agentproxy.usocket-nc\0.0.7\jsch.agentproxy.usocket-nc-0.0.7.jar;E:\apache-maven-3.3.9\repo\com\jcraft\jsch.agentproxy.sshagent\0.0.7\jsch.agentproxy.sshagent-0.0.7.jar;E:\apache-maven-3.3.9\repo\com\jcraft\jsch.agentproxy.pageant\0.0.7\jsch.agentproxy.pageant-0.0.7.jar;E:\apache-maven-3.3.9\repo\com\jcraft\jsch.agentproxy.svnkit-trilead-ssh2\0.0.7\jsch.agentproxy.svnkit-trilead-ssh2-0.0.7.jar;E:\apache-maven-3.3.9\repo\org\apache\commons\commons-compress\1.18\commons-compress-1.18.jar;E:\apache-maven-3.3.9\repo\com\alibaba\druid\1.0.5\druid-1.0.5.jar;E:\apache-maven-3.3.9\repo\redis\clients\jedis\2.9.0\jedis-2.9.0.jar;E:\apache-maven-3.3.9\repo\org\apache\commons\commons-pool2\2.5.0\commons-pool2-2.5.0.jar;E:\apache-maven-3.3.9\repo\commons-codec\commons-codec\1.11\commons-codec-1.11.jar;E:\apache-maven-3.3.9\repo\org\springframework\boot\spring-boot-starter-validation\2.0.2.RELEASE\spring-boot-starter-validation-2.0.2.RELEASE.jar;E:\apache-maven-3.3.9\repo\org\apache\tomcat\embed\tomcat-embed-el\8.5.31\tomcat-embed-el-8.5.31.jar;E:\apache-maven-3.3.9\repo\org\springframework\boot\spring-boot-starter-aop\2.0.2.RELEASE\spring-boot-starter-aop-2.0.2.RELEASE.jar;E:\apache-maven-3.3.9\repo\org\springframework\spring-aop\5.0.6.RELEASE\spring-aop-5.0.6.RELEASE.jar;E:\apache-maven-3.3.9\repo\org\aspectj\aspectjweaver\1.8.13\aspectjweaver-1.8.13.jar;E:\apache-maven-3.3.9\repo\nl\bitwalker\UserAgentUtils\1.2.4\UserAgentUtils-1.2.4.jar;E:\apache-maven-3.3.9\repo\org\springframework\boot\spring-boot-starter-tomcat\2.0.2.RELEASE\spring-boot-starter-tomcat-2.0.2.RELEASE.jar;E:\apache-maven-3.3.9\repo\javax\annotation\javax.annotation-api\1.3.2\javax.annotation-api-1.3.2.jar;E:\apache-maven-3.3.9\repo\org\apache\tomcat\embed\tomcat-embed-core\8.5.31\tomcat-embed-core-8.5.31.jar;E:\apache-maven-3.3.9\repo\org\apache\tomcat\embed\tomcat-embed-websocket\8.5.31\tomcat-embed-websocket-8.5.31.jar;"/>
    <property name="sun.cpu.endian" value="little"/>
    <property name="user.home" value="C:\Users\fjyqlw"/>
    <property name="user.language" value="zh"/>
    <property name="java.specification.vendor" value="Oracle Corporation"/>
    <property name="java.home" value="C:\Program Files\Java\jdk1.8.0_171\jre"/>
    <property name="basedir" value="E:\IntellijWorkPlace\vcs"/>
    <property name="file.separator" value="\"/>
    <property name="line.separator" value="&#10;"/>
    <property name="java.vm.specification.vendor" value="Oracle Corporation"/>
    <property name="java.specification.name" value="Java Platform API Specification"/>
    <property name="java.awt.graphicsenv" value="sun.awt.Win32GraphicsEnvironment"/>
    <property name="surefire.real.class.path" value="C:\Users\fjyqlw\AppData\Local\Temp\surefire2103113522214564706\surefirebooter7508052708625274538.jar"/>
    <property name="sun.boot.class.path" value="C:\Program Files\Java\jdk1.8.0_171\jre\lib\resources.jar;C:\Program Files\Java\jdk1.8.0_171\jre\lib\rt.jar;C:\Program Files\Java\jdk1.8.0_171\jre\lib\sunrsasign.jar;C:\Program Files\Java\jdk1.8.0_171\jre\lib\jsse.jar;C:\Program Files\Java\jdk1.8.0_171\jre\lib\jce.jar;C:\Program Files\Java\jdk1.8.0_171\jre\lib\charsets.jar;C:\Program Files\Java\jdk1.8.0_171\jre\lib\jfr.jar;C:\Program Files\Java\jdk1.8.0_171\jre\classes"/>
    <property name="user.script" value=""/>
    <property name="sun.management.compiler" value="HotSpot 64-Bit Tiered Compilers"/>
    <property name="java.runtime.version" value="1.8.0_171-b11"/>
    <property name="user.name" value="fjyqlw"/>
    <property name="path.separator" value=";"/>
    <property name="os.version" value="10.0"/>
    <property name="java.endorsed.dirs" value="C:\Program Files\Java\jdk1.8.0_171\jre\lib\endorsed"/>
    <property name="java.runtime.name" value="Java(TM) SE Runtime Environment"/>
    <property name="file.encoding" value="GBK"/>
    <property name="java.vm.name" value="Java HotSpot(TM) 64-Bit Server VM"/>
    <property name="localRepository" value="E:\apache-maven-3.3.9\repo"/>
    <property name="java.vendor.url.bug" value="http://bugreport.sun.com/bugreport/"/>
    <property name="java.io.tmpdir" value="C:\Users\fjyqlw\AppData\Local\Temp\"/>
    <property name="idea.version" value="2018.2.4"/>
    <property name="java.version" value="1.8.0_171"/>
    <property name="user.dir" value="E:\IntellijWorkPlace\vcs"/>
    <property name="os.arch" value="amd64"/>
    <property name="java.vm.specification.name" value="Java Virtual Machine Specification"/>
    <property name="java.awt.printerjob" value="sun.awt.windows.WPrinterJob"/>
    <property name="sun.os.patch.level" value=""/>
    <property name="java.library.path" value="C:\Program Files\Java\jdk1.8.0_171\jre\bin;C:\WINDOWS\Sun\Java\bin;C:\WINDOWS\system32;C:\WINDOWS;C:\Windows\system32;C:\Windows;C:\Windows\System32\Wbem;C:\Windows\System32\WindowsPowerShell\v1.0\;C:\Program Files (x86)\NVIDIA Corporation\PhysX\Common;E:\apache-maven-3.3.9\bin\;C:\Program Files\PuTTY\;&quot;;C:\Program Files\Java\jdk1.8.0_171\bin;C:\Program Files\Java\jdk1.8.0_171\jre\bin&quot;;C:\nodejs;C:\nodejs\node_modules;C:\nodejs\node_global;C:\Program Files\TortoiseGit\bin;C:\Program Files\Git\cmd;E:\mysql-8.0.11-winx64\bin;C:\WINDOWS\system32;C:\WINDOWS;C:\WINDOWS\System32\Wbem;C:\WINDOWS\System32\WindowsPowerShell\v1.0\;C:\WINDOWS\System32\OpenSSH\;C:\Program Files\Intel\WiFi\bin\;C:\Program Files\Common Files\Intel\WirelessCommon\;E:\SVNKIT_TEST\VisualSVN Server\bin;C:\Program Files\TortoiseSVN\bin;C:\Users\fjyqlw\AppData\Local\Microsoft\WindowsApps;C:\Users\fjyqlw\AppData\Roaming\npm;;."/>
    <property name="java.vm.info" value="mixed mode"/>
    <property name="java.vendor" value="Oracle Corporation"/>
    <property name="java.vm.version" value="25.171-b11"/>
    <property name="java.ext.dirs" value="C:\Program Files\Java\jdk1.8.0_171\jre\lib\ext;C:\WINDOWS\Sun\Java\lib\ext"/>
    <property name="sun.io.unicode.encoding" value="UnicodeLittle"/>
    <property name="java.class.version" value="52.0"/>
  </properties>
  <testcase name="getTmpPath" classname="com.lw.vcs.utils.PathSolveUtilTest" time="0.003"/>
  <testcase name="getSvnUrl" classname="com.lw.vcs.utils.PathSolveUtilTest" time="0"/>
  <testcase name="getRespPath" classname="com.lw.vcs.utils.PathSolveUtilTest" time="0"/>
</testsuite>